<?xml version="1.0" encoding="UTF-8"?>
<testsuite xmlns:xsi="http://www.w3.org/2001/XMLSchema-instance" xsi:noNamespaceSchemaLocation="https://maven.apache.org/surefire/maven-surefire-plugin/xsd/surefire-test-report-3.0.xsd" version="3.0" name="com.webapp.robotgear.RobotgearApplicationTests" time="10.126" tests="1" errors="0" skipped="0" failures="0">
  <properties>
[...]
</properties>
  <testcase name="contextLoads" classname="com.webapp.robotgear.RobotgearApplicationTests" time="1.149">
    <system-out><![CDATA[02:56:07.216 [main] INFO org.springframework.test.context.support.AnnotationConfigContextLoaderUtils -- Could not detect default configuration classes for test class [com.webapp.robotgear.RobotgearApplicationTests]: RobotgearApplicationTests does not declare any static, non-private, non-final, nested classes annotated with @Configuration.
02:56:07.423 [main] INFO org.springframework.boot.test.context.SpringBootTestContextBootstrapper -- Found @SpringBootConfiguration com.webapp.robotgear.RobotgearApplication for test class com.webapp.robotgear.RobotgearApplicationTests

  .   ____          _            __ _ _
 /\\ / ___'_ __ _ _(_)_ __  __ _ \ \ \ \
( ( )\___ | '_ | '_| | '_ \/ _` | \ \ \ \
 \\/  ___)| |_)| | | | | || (_| |  ) ) ) )
  '  |____| .__|_| |_|_| |_\__, | / / / /
 =========|_|==============|___/=/_/_/_/
 :: Spring Boot ::                (v3.1.5)

2023-11-27T02:56:08.386+01:00  INFO 5320 --- [           main] c.w.robotgear.RobotgearApplicationTests  : Starting RobotgearApplicationTests using Java 17.0.8.1 with PID 5320 (started by zmest in C:\Users\zmest\robotGear-ws\robotgear.zip_expanded\robotgear)
2023-11-27T02:56:08.390+01:00  INFO 5320 --- [           main] c.w.robotgear.RobotgearApplicationTests  : No active profile set, falling back to 1 default profile: "default"
2023-11-27T02:56:09.551+01:00  INFO 5320 --- [           main] .s.d.r.c.RepositoryConfigurationDelegate : Bootstrapping Spring Data JPA repositories in DEFAULT mode.
2023-11-27T02:56:09.655+01:00  INFO 5320 --- [           main] .s.d.r.c.RepositoryConfigurationDelegate : Finished Spring Data repository scanning in 89 ms. Found 2 JPA repository interfaces.
2023-11-27T02:56:10.702+01:00  INFO 5320 --- [           main] o.hibernate.jpa.internal.util.LogHelper  : HHH000204: Processing PersistenceUnitInfo [name: default]
2023-11-27T02:56:10.855+01:00  INFO 5320 --- [           main] org.hibernate.Version                    : HHH000412: Hibernate ORM core version 6.2.13.Final
2023-11-27T02:56:10.861+01:00  INFO 5320 --- [           main] org.hibernate.cfg.Environment            : HHH000406: Using bytecode reflection optimizer
2023-11-27T02:56:11.593+01:00  INFO 5320 --- [           main] o.s.o.j.p.SpringPersistenceUnitInfo      : No LoadTimeWeaver setup: ignoring JPA class transformer
2023-11-27T02:56:11.636+01:00  INFO 5320 --- [           main] com.zaxxer.hikari.HikariDataSource       : HikariPool-1 - Starting...
2023-11-27T02:56:11.973+01:00  INFO 5320 --- [           main] com.zaxxer.hikari.pool.HikariPool        : HikariPool-1 - Added connection com.mysql.cj.jdbc.ConnectionImpl@10dfa7ef
2023-11-27T02:56:11.976+01:00  INFO 5320 --- [           main] com.zaxxer.hikari.HikariDataSource       : HikariPool-1 - Start completed.
2023-11-27T02:56:13.718+01:00  INFO 5320 --- [           main] o.h.e.t.j.p.i.JtaPlatformInitiator       : HHH000489: No JTA platform available (set 'hibernate.transaction.jta.platform' to enable JTA platform integration)
2023-11-27T02:56:13.870+01:00  INFO 5320 --- [           main] j.LocalContainerEntityManagerFactoryBean : Initialized JPA EntityManagerFactory for persistence unit 'default'
2023-11-27T02:56:14.624+01:00  INFO 5320 --- [           main] f.a.AutowiredAnnotationBeanPostProcessor : Autowired annotation is not supported on static fields: private static java.lang.String com.webapp.robotgear.Utils.UploadUtils.path
2023-11-27T02:56:15.789+01:00  INFO 5320 --- [           main] c.w.robotgear.RobotgearApplicationTests  : Started RobotgearApplicationTests in 7.994 seconds (process running for 9.964)
]]></system-out>
  </testcase>
</testsuite>